<?xml version="1.0" encoding="UTF-8"?>
<testng-results skipped="0" failed="0" total="1" passed="1">
  <reporter-output>
  </reporter-output>
  <suite name="Default suite" duration-ms="36751" started-at="2015-12-17T19:51:01Z" finished-at="2015-12-17T19:51:38Z">
    <groups>
    </groups>
    <test name="Default test" duration-ms="36751" started-at="2015-12-17T19:51:01Z" finished-at="2015-12-17T19:51:38Z">
      <class name="testingPractice.Exercise_5">
        <test-method status="PASS" signature="setup()[pri:0, instance:testingPractice.Exercise_5@73f792cf]" name="setup" is-config="true" duration-ms="17138" started-at="2015-12-17T14:51:01Z" finished-at="2015-12-17T14:51:18Z">
          <reporter-output>
          </reporter-output>
        </test-method> <!-- setup -->
        <test-method status="PASS" signature="testExercis_5()[pri:0, instance:testingPractice.Exercise_5@73f792cf]" name="testExercis_5" duration-ms="19538" started-at="2015-12-17T14:51:18Z" finished-at="2015-12-17T14:51:38Z">
          <reporter-output>
          </reporter-output>
        </test-method> <!-- testExercis_5 -->
      </class> <!-- testingPractice.Exercise_5 -->
    </test> <!-- Default test -->
  </suite> <!-- Default suite -->
</testng-results>
